[2017-09-24 13:07:45] Текст ошибки: Страница не найдена | Файл: D:\WebServer\domains\fw.loc\vendor\fw\core\Router.php, | Строка: 107
==========================
[2017-09-24 13:07:45] Текст ошибки: Страница не найдена | Файл: D:\WebServer\domains\fw.loc\vendor\fw\core\Router.php, | Строка: 107
==========================
[2017-09-24 13:40:48] Текст ошибки: Undefined variable: _SESSION | Файл: D:\WebServer\domains\fw.loc\app\views\layouts\default.php, | Строка: 27
==========================
[2017-09-24 13:48:02] Текст ошибки: SQLSTATE[23000]: Integrity constraint violation: 1062 Duplicate entry 'user1' for key 'login' | Файл: D:\WebServer\domains\fw.loc\vendor\fw\libs\rb.php, | Строка: 720
==========================
[2017-09-24 14:06:12] Текст ошибки: Undefined property: fw\core\base\View::$prefix | Файл: D:\WebServer\domains\fw.loc\vendor\fw\core\base\View.php, | Строка: 44
==========================
[2017-09-24 14:57:12] Текст ошибки: Страница не найдена | Файл: D:\WebServer\domains\fw.loc\vendor\fw\core\Router.php, | Строка: 107
==========================
[2017-09-24 14:57:12] Текст ошибки: Страница не найдена | Файл: D:\WebServer\domains\fw.loc\vendor\fw\core\Router.php, | Строка: 107
==========================
[2018-03-24 12:14:37] Текст ошибки: Страница не найдена | Файл: D:\WebServer\domains\fw.loc\vendor\fw\core\Router.php, | Строка: 107
==========================
[2018-03-24 12:14:37] Текст ошибки: Страница не найдена | Файл: D:\WebServer\domains\fw.loc\vendor\fw\core\Router.php, | Строка: 107
==========================
[2018-03-24 13:11:30] Текст ошибки: Undefined variable: count | Файл: D:\WebServer\domains\fw.loc\app\views\Main\index.php, | Строка: 24
==========================
[2018-04-24 19:28:45] Текст ошибки: Страница не найдена | Файл: D:\WebServer\domains\fw.loc\vendor\fw\core\Router.php, | Строка: 107
==========================
[2018-04-24 19:28:46] Текст ошибки: Страница не найдена | Файл: D:\WebServer\domains\fw.loc\vendor\fw\core\Router.php, | Строка: 107
==========================
[2018-04-24 19:37:42] Текст ошибки: Страница не найдена | Файл: D:\WebServer\domains\fw.loc\vendor\fw\core\Router.php, | Строка: 107
==========================
[2018-04-24 19:37:42] Текст ошибки: Страница не найдена | Файл: D:\WebServer\domains\fw.loc\vendor\fw\core\Router.php, | Строка: 107
==========================
[2018-04-24 19:37:42] Текст ошибки: Страница не найдена | Файл: D:\WebServer\domains\fw.loc\vendor\fw\core\Router.php, | Строка: 107
==========================
[2018-04-24 19:37:42] Текст ошибки: Страница не найдена | Файл: D:\WebServer\domains\fw.loc\vendor\fw\core\Router.php, | Строка: 107
==========================
[2018-04-24 19:37:42] Текст ошибки: Страница не найдена | Файл: D:\WebServer\domains\fw.loc\vendor\fw\core\Router.php, | Строка: 107
==========================
[2018-04-24 19:37:42] Текст ошибки: Страница не найдена | Файл: D:\WebServer\domains\fw.loc\vendor\fw\core\Router.php, | Строка: 107
==========================
[2018-04-24 19:37:42] Текст ошибки: Страница не найдена | Файл: D:\WebServer\domains\fw.loc\vendor\fw\core\Router.php, | Строка: 107
==========================
[2018-04-24 19:37:42] Текст ошибки: Страница не найдена | Файл: D:\WebServer\domains\fw.loc\vendor\fw\core\Router.php, | Строка: 107
==========================
[2018-04-24 19:37:42] Текст ошибки: Страница не найдена | Файл: D:\WebServer\domains\fw.loc\vendor\fw\core\Router.php, | Строка: 107
==========================
[2018-04-24 19:37:42] Текст ошибки: Страница не найдена | Файл: D:\WebServer\domains\fw.loc\vendor\fw\core\Router.php, | Строка: 107
==========================
[2018-04-24 19:37:42] Текст ошибки: Страница не найдена | Файл: D:\WebServer\domains\fw.loc\vendor\fw\core\Router.php, | Строка: 107
==========================
[2018-04-24 19:37:42] Текст ошибки: Страница не найдена | Файл: D:\WebServer\domains\fw.loc\vendor\fw\core\Router.php, | Строка: 107
==========================
[2018-04-24 19:37:42] Текст ошибки: Страница не найдена | Файл: D:\WebServer\domains\fw.loc\vendor\fw\core\Router.php, | Строка: 107
==========================
[2018-04-24 19:37:42] Текст ошибки: Страница не найдена | Файл: D:\WebServer\domains\fw.loc\vendor\fw\core\Router.php, | Строка: 107
==========================
[2018-04-24 19:39:47] Текст ошибки: Страница не найдена | Файл: D:\WebServer\domains\fw.loc\vendor\fw\core\Router.php, | Строка: 107
==========================
[2018-04-24 19:40:29] Текст ошибки: Страница не найдена | Файл: D:\WebServer\domains\fw.loc\vendor\fw\core\Router.php, | Строка: 107
==========================
[2018-04-24 19:40:43] Текст ошибки: Страница не найдена | Файл: D:\WebServer\domains\fw.loc\vendor\fw\core\Router.php, | Строка: 107
==========================
[2018-04-24 19:41:50] Текст ошибки: Страница не найдена | Файл: D:\WebServer\domains\fw.loc\vendor\fw\core\Router.php, | Строка: 107
==========================
[2018-04-24 19:42:05] Текст ошибки: Страница не найдена | Файл: D:\WebServer\domains\fw.loc\vendor\fw\core\Router.php, | Строка: 107
==========================
[2018-04-24 19:54:53] Текст ошибки: Страница не найдена | Файл: D:\WebServer\domains\fw.loc\vendor\fw\core\Router.php, | Строка: 107
==========================
[2018-04-24 19:55:04] Текст ошибки: Страница не найдена | Файл: D:\WebServer\domains\fw.loc\vendor\fw\core\Router.php, | Строка: 107
==========================
[2018-04-24 19:55:07] Текст ошибки: Страница не найдена | Файл: D:\WebServer\domains\fw.loc\vendor\fw\core\Router.php, | Строка: 107
==========================
[2018-05-15 18:20:59] Текст ошибки: Страница не найдена | Файл: D:\WebServer\domains\fw.loc\vendor\fw\core\Router.php, | Строка: 107
==========================
[2018-05-15 18:20:59] Текст ошибки: Страница не найдена | Файл: D:\WebServer\domains\fw.loc\vendor\fw\core\Router.php, | Строка: 107
==========================
[2018-05-17 12:56:30] Текст ошибки: Страница не найдена | Файл: D:\WebServer\domains\fw.loc\vendor\fw\core\Router.php, | Строка: 107
==========================
[2018-05-17 12:56:30] Текст ошибки: Страница не найдена | Файл: D:\WebServer\domains\fw.loc\vendor\fw\core\Router.php, | Строка: 107
==========================
[2018-05-17 13:20:12] Текст ошибки: Class 'fw\core\language\Language' not found | Файл: D:\WebServer\domains\fw.loc\app\controllers\AppController.php, | Строка: 19
==========================
[2018-05-17 13:43:54] Текст ошибки: Страница не найдена | Файл: D:\WebServer\domains\fw.loc\vendor\fw\core\Router.php, | Строка: 107
==========================
[2018-05-17 13:43:56] Текст ошибки: Страница не найдена | Файл: D:\WebServer\domains\fw.loc\vendor\fw\core\Router.php, | Строка: 107
==========================
[2018-05-17 13:44:46] Текст ошибки: Страница не найдена | Файл: D:\WebServer\domains\fw.loc\vendor\fw\core\Router.php, | Строка: 107
==========================
[2018-05-17 13:47:56] Текст ошибки: Страница не найдена | Файл: D:\WebServer\domains\fw.loc\vendor\fw\core\Router.php, | Строка: 107
==========================
[2018-05-17 13:48:53] Текст ошибки: <p>Не найден вид <b>D:\WebServer\domains\fw.loc/app/views/Language/change.php</b></p> | Файл: D:\WebServer\domains\fw.loc\vendor\fw\core\base\View.php, | Строка: 73
==========================
[2018-05-17 13:52:12] Текст ошибки: Страница не найдена | Файл: D:\WebServer\domains\fw.loc\vendor\fw\core\Router.php, | Строка: 107
==========================
[2018-05-17 13:52:18] Текст ошибки: Страница не найдена | Файл: D:\WebServer\domains\fw.loc\vendor\fw\core\Router.php, | Строка: 107
==========================
[2018-05-17 13:52:21] Текст ошибки: Страница не найдена | Файл: D:\WebServer\domains\fw.loc\vendor\fw\core\Router.php, | Строка: 107
==========================
[2018-05-17 13:52:37] Текст ошибки: Страница не найдена | Файл: D:\WebServer\domains\fw.loc\vendor\fw\core\Router.php, | Строка: 107
==========================
[2018-05-17 13:52:39] Текст ошибки: Страница не найдена | Файл: D:\WebServer\domains\fw.loc\vendor\fw\core\Router.php, | Строка: 107
==========================
[2018-05-17 13:52:43] Текст ошибки: Страница не найдена | Файл: D:\WebServer\domains\fw.loc\vendor\fw\core\Router.php, | Строка: 107
==========================
[2018-05-17 13:52:46] Текст ошибки: Страница не найдена | Файл: D:\WebServer\domains\fw.loc\vendor\fw\core\Router.php, | Строка: 107
==========================
[2018-05-17 13:53:07] Текст ошибки: Страница не найдена | Файл: D:\WebServer\domains\fw.loc\vendor\fw\core\Router.php, | Строка: 107
==========================
[2018-05-17 13:53:20] Текст ошибки: Страница не найдена | Файл: D:\WebServer\domains\fw.loc\vendor\fw\core\Router.php, | Строка: 107
==========================
[2018-05-17 13:53:35] Текст ошибки: Страница не найдена | Файл: D:\WebServer\domains\fw.loc\vendor\fw\core\Router.php, | Строка: 107
==========================
[2018-05-17 13:53:37] Текст ошибки: Страница не найдена | Файл: D:\WebServer\domains\fw.loc\vendor\fw\core\Router.php, | Строка: 107
==========================
[2018-05-17 14:16:07] Текст ошибки: Array to string conversion | Файл: D:\WebServer\domains\fw.loc\vendor\fw\core\base\Lang.php, | Строка: 13
==========================
[2018-05-19 16:41:04] Текст ошибки: Страница не найдена | Файл: D:\WebServer\domains\fw.loc\vendor\fw\core\Router.php, | Строка: 107
==========================
[2018-05-19 16:41:07] Текст ошибки: Страница не найдена | Файл: D:\WebServer\domains\fw.loc\vendor\fw\core\Router.php, | Строка: 107
==========================
[2018-05-19 16:52:05] Текст ошибки: Страница не найдена | Файл: D:\WebServer\domains\fw.loc\vendor\fw\core\Router.php, | Строка: 107
==========================
[2018-05-19 16:52:24] Текст ошибки: Страница не найдена | Файл: D:\WebServer\domains\fw.loc\vendor\fw\core\Router.php, | Строка: 107
==========================
[2018-05-19 16:52:41] Текст ошибки: Страница не найдена | Файл: D:\WebServer\domains\fw.loc\vendor\fw\core\Router.php, | Строка: 107
==========================
[2018-05-19 16:52:41] Текст ошибки: Страница не найдена | Файл: D:\WebServer\domains\fw.loc\vendor\fw\core\Router.php, | Строка: 107
==========================
[2019-03-21 13:07:44] Текст ошибки: Страница не найдена | Файл: D:\WebServer\domains\fw.loc\vendor\fw\core\Router.php, | Строка: 107
==========================
[2019-03-25 13:37:55] Текст ошибки: Страница не найдена | Файл: D:\WebServer\domains\fw.loc\vendor\fw\core\Router.php, | Строка: 107
==========================
[2019-03-25 14:25:31] Текст ошибки: Контроллер <b>app\controllers\admin\MainController</b> не найден | Файл: D:\WebServer\domains\fw.loc\vendor\fw\core\Router.php, | Строка: 102
==========================
[2019-03-25 14:26:27] Текст ошибки: Call to undefined method app\controllers\admin\MainController::getView() | Файл: D:\WebServer\domains\fw.loc\vendor\fw\core\Router.php, | Строка: 95
==========================
[2019-03-25 14:32:44] Текст ошибки: Страница не найдена | Файл: D:\WebServer\domains\fw.loc\vendor\fw\core\Router.php, | Строка: 107
==========================
[2019-03-25 14:32:44] Текст ошибки: Страница не найдена | Файл: D:\WebServer\domains\fw.loc\vendor\fw\core\Router.php, | Строка: 107
==========================
[2019-03-25 14:32:44] Текст ошибки: Страница не найдена | Файл: D:\WebServer\domains\fw.loc\vendor\fw\core\Router.php, | Строка: 107
==========================
[2019-03-25 14:32:44] Текст ошибки: Страница не найдена | Файл: D:\WebServer\domains\fw.loc\vendor\fw\core\Router.php, | Строка: 107
==========================
[2019-03-25 14:32:44] Текст ошибки: Страница не найдена | Файл: D:\WebServer\domains\fw.loc\vendor\fw\core\Router.php, | Строка: 107
==========================
[2019-03-25 14:32:44] Текст ошибки: Страница не найдена | Файл: D:\WebServer\domains\fw.loc\vendor\fw\core\Router.php, | Строка: 107
==========================
[2019-03-25 14:32:44] Текст ошибки: Страница не найдена | Файл: D:\WebServer\domains\fw.loc\vendor\fw\core\Router.php, | Строка: 107
==========================
[2019-03-25 14:32:44] Текст ошибки: Страница не найдена | Файл: D:\WebServer\domains\fw.loc\vendor\fw\core\Router.php, | Строка: 107
==========================
[2019-03-25 14:32:44] Текст ошибки: Страница не найдена | Файл: D:\WebServer\domains\fw.loc\vendor\fw\core\Router.php, | Строка: 107
==========================
[2019-03-25 14:32:44] Текст ошибки: Страница не найдена | Файл: D:\WebServer\domains\fw.loc\vendor\fw\core\Router.php, | Строка: 107
==========================
[2019-03-25 14:32:44] Текст ошибки: Страница не найдена | Файл: D:\WebServer\domains\fw.loc\vendor\fw\core\Router.php, | Строка: 107
==========================
[2019-03-25 14:46:21] Текст ошибки: Страница не найдена | Файл: D:\WebServer\domains\fw.loc\vendor\fw\core\Router.php, | Строка: 107
==========================
[2019-03-25 14:46:21] Текст ошибки: Страница не найдена | Файл: D:\WebServer\domains\fw.loc\vendor\fw\core\Router.php, | Строка: 107
==========================
[2019-03-25 14:46:21] Текст ошибки: Страница не найдена | Файл: D:\WebServer\domains\fw.loc\vendor\fw\core\Router.php, | Строка: 107
==========================
[2019-03-25 14:46:21] Текст ошибки: Страница не найдена | Файл: D:\WebServer\domains\fw.loc\vendor\fw\core\Router.php, | Строка: 107
==========================
[2019-03-25 14:46:21] Текст ошибки: Страница не найдена | Файл: D:\WebServer\domains\fw.loc\vendor\fw\core\Router.php, | Строка: 107
==========================
[2019-03-25 14:46:21] Текст ошибки: Страница не найдена | Файл: D:\WebServer\domains\fw.loc\vendor\fw\core\Router.php, | Строка: 107
==========================
[2019-03-25 14:46:22] Текст ошибки: Страница не найдена | Файл: D:\WebServer\domains\fw.loc\vendor\fw\core\Router.php, | Строка: 107
==========================
[2019-03-25 14:46:22] Текст ошибки: Страница не найдена | Файл: D:\WebServer\domains\fw.loc\vendor\fw\core\Router.php, | Строка: 107
==========================
[2019-03-25 14:46:22] Текст ошибки: Страница не найдена | Файл: D:\WebServer\domains\fw.loc\vendor\fw\core\Router.php, | Строка: 107
==========================
[2019-03-25 14:46:22] Текст ошибки: Страница не найдена | Файл: D:\WebServer\domains\fw.loc\vendor\fw\core\Router.php, | Строка: 107
==========================
[2019-03-25 14:46:45] Текст ошибки: Страница не найдена | Файл: D:\WebServer\domains\fw.loc\vendor\fw\core\Router.php, | Строка: 107
==========================
[2019-03-25 14:46:45] Текст ошибки: Страница не найдена | Файл: D:\WebServer\domains\fw.loc\vendor\fw\core\Router.php, | Строка: 107
==========================
[2019-03-25 14:46:45] Текст ошибки: Страница не найдена | Файл: D:\WebServer\domains\fw.loc\vendor\fw\core\Router.php, | Строка: 107
==========================
[2019-03-25 14:46:45] Текст ошибки: Страница не найдена | Файл: D:\WebServer\domains\fw.loc\vendor\fw\core\Router.php, | Строка: 107
==========================
[2019-03-25 14:46:45] Текст ошибки: Страница не найдена | Файл: D:\WebServer\domains\fw.loc\vendor\fw\core\Router.php, | Строка: 107
==========================
[2019-03-25 14:46:45] Текст ошибки: Страница не найдена | Файл: D:\WebServer\domains\fw.loc\vendor\fw\core\Router.php, | Строка: 107
==========================
[2019-03-25 14:46:45] Текст ошибки: Страница не найдена | Файл: D:\WebServer\domains\fw.loc\vendor\fw\core\Router.php, | Строка: 107
==========================
[2019-03-25 14:46:45] Текст ошибки: Страница не найдена | Файл: D:\WebServer\domains\fw.loc\vendor\fw\core\Router.php, | Строка: 107
==========================
[2019-03-25 14:46:45] Текст ошибки: Страница не найдена | Файл: D:\WebServer\domains\fw.loc\vendor\fw\core\Router.php, | Строка: 107
==========================
[2019-03-25 14:46:45] Текст ошибки: Страница не найдена | Файл: D:\WebServer\domains\fw.loc\vendor\fw\core\Router.php, | Строка: 107
==========================
[2019-03-25 15:05:39] Текст ошибки: Undefined index: password | Файл: D:\WebServer\domains\fw.loc\app\models\User.php, | Строка: 47
==========================
[2019-03-25 15:06:00] Текст ошибки: Undefined index: password | Файл: D:\WebServer\domains\fw.loc\app\models\User.php, | Строка: 47
==========================
[2019-03-25 15:10:10] Текст ошибки: Class 'R' not found | Файл: D:\WebServer\domains\fw.loc\app\controllers\admin\MainController.php, | Строка: 8
==========================
[2020-06-18 20:50:12] Текст ошибки: Could not connect to database (fw). | Файл: C:\OpenServer\domains\dstu.loc\vendor\fw\libs\rb.php, | Строка: 858
==========================
[2020-06-18 20:50:40] Текст ошибки: Could not connect to database (fw). | Файл: C:\OpenServer\domains\dstu.loc\vendor\fw\libs\rb.php, | Строка: 858
==========================
[2020-06-18 20:50:42] Текст ошибки: Could not connect to database (fw). | Файл: C:\OpenServer\domains\dstu.loc\vendor\fw\libs\rb.php, | Строка: 858
==========================
[2020-06-18 21:51:44] Текст ошибки: Could not connect to database (fw). | Файл: C:\OpenServer\domains\dstu.loc\vendor\fw\libs\rb.php, | Строка: 858
==========================
[2020-06-18 21:51:45] Текст ошибки: Could not connect to database (fw). | Файл: C:\OpenServer\domains\dstu.loc\vendor\fw\libs\rb.php, | Строка: 858
==========================
[2020-06-18 21:51:46] Текст ошибки: Could not connect to database (fw). | Файл: C:\OpenServer\domains\dstu.loc\vendor\fw\libs\rb.php, | Строка: 858
==========================
[2020-06-18 21:51:46] Текст ошибки: Could not connect to database (fw). | Файл: C:\OpenServer\domains\dstu.loc\vendor\fw\libs\rb.php, | Строка: 858
==========================
[2020-06-18 21:52:04] Текст ошибки: Could not connect to database (sanchozzz_fw). | Файл: C:\OpenServer\domains\dstu.loc\vendor\fw\libs\rb.php, | Строка: 858
==========================
[2020-06-18 21:52:05] Текст ошибки: Could not connect to database (sanchozzz_fw). | Файл: C:\OpenServer\domains\dstu.loc\vendor\fw\libs\rb.php, | Строка: 858
==========================
[2020-06-18 21:52:06] Текст ошибки: Could not connect to database (sanchozzz_fw). | Файл: C:\OpenServer\domains\dstu.loc\vendor\fw\libs\rb.php, | Строка: 858
==========================
[2020-06-18 21:52:21] Текст ошибки: Could not connect to database (sanchozzz_fw). | Файл: C:\OpenServer\domains\dstu.loc\vendor\fw\libs\rb.php, | Строка: 858
==========================
[2020-06-18 21:52:22] Текст ошибки: Could not connect to database (sanchozzz_fw). | Файл: C:\OpenServer\domains\dstu.loc\vendor\fw\libs\rb.php, | Строка: 858
==========================
[2020-06-18 21:52:22] Текст ошибки: Could not connect to database (sanchozzz_fw). | Файл: C:\OpenServer\domains\dstu.loc\vendor\fw\libs\rb.php, | Строка: 858
==========================
[2020-06-18 21:52:23] Текст ошибки: Could not connect to database (sanchozzz_fw). | Файл: C:\OpenServer\domains\dstu.loc\vendor\fw\libs\rb.php, | Строка: 858
==========================
[2020-06-18 21:52:23] Текст ошибки: Could not connect to database (sanchozzz_fw). | Файл: C:\OpenServer\domains\dstu.loc\vendor\fw\libs\rb.php, | Строка: 858
==========================
[2020-06-18 21:52:24] Текст ошибки: Could not connect to database (sanchozzz_fw). | Файл: C:\OpenServer\domains\dstu.loc\vendor\fw\libs\rb.php, | Строка: 858
==========================
[2020-06-18 21:53:01] Текст ошибки: Could not connect to database (sanchozzz_fw). | Файл: C:\OpenServer\domains\dstu.loc\vendor\fw\libs\rb.php, | Строка: 858
==========================
[2020-06-18 21:53:32] Текст ошибки: Could not connect to database (sanchozzz_fw). | Файл: C:\OpenServer\domains\dstu.loc\vendor\fw\libs\rb.php, | Строка: 858
==========================
[2020-06-18 21:53:33] Текст ошибки: Could not connect to database (sanchozzz_fw). | Файл: C:\OpenServer\domains\dstu.loc\vendor\fw\libs\rb.php, | Строка: 858
==========================
[2020-06-18 22:05:44] Текст ошибки: compact(): Undefined variable: title | Файл: C:\OpenServer\domains\dstu.loc\app\controllers\MainController.php, | Строка: 31
==========================
[2020-06-18 22:06:24] Текст ошибки: compact(): Undefined variable: title | Файл: C:\OpenServer\domains\dstu.loc\app\controllers\MainController.php, | Строка: 31
==========================
[2020-06-18 22:06:25] Текст ошибки: compact(): Undefined variable: title | Файл: C:\OpenServer\domains\dstu.loc\app\controllers\MainController.php, | Строка: 31
==========================
[2020-06-18 22:06:25] Текст ошибки: compact(): Undefined variable: title | Файл: C:\OpenServer\domains\dstu.loc\app\controllers\MainController.php, | Строка: 31
==========================
[2020-06-18 22:06:26] Текст ошибки: compact(): Undefined variable: title | Файл: C:\OpenServer\domains\dstu.loc\app\controllers\MainController.php, | Строка: 31
==========================
[2020-06-18 22:06:26] Текст ошибки: compact(): Undefined variable: title | Файл: C:\OpenServer\domains\dstu.loc\app\controllers\MainController.php, | Строка: 31
==========================
[2020-06-18 22:06:26] Текст ошибки: compact(): Undefined variable: title | Файл: C:\OpenServer\domains\dstu.loc\app\controllers\MainController.php, | Строка: 31
==========================
[2020-06-18 22:17:28] Текст ошибки: compact(): Undefined variable: title | Файл: C:\OpenServer\domains\dstu.loc\app\controllers\MainController.php, | Строка: 31
==========================
[2020-06-18 22:17:29] Текст ошибки: compact(): Undefined variable: title | Файл: C:\OpenServer\domains\dstu.loc\app\controllers\MainController.php, | Строка: 31
==========================
[2020-06-18 22:17:47] Текст ошибки: compact(): Undefined variable: title | Файл: C:\OpenServer\domains\dstu.loc\app\controllers\MainController.php, | Строка: 31
==========================
[2020-06-18 22:17:48] Текст ошибки: compact(): Undefined variable: title | Файл: C:\OpenServer\domains\dstu.loc\app\controllers\MainController.php, | Строка: 31
==========================
[2020-06-18 22:17:48] Текст ошибки: compact(): Undefined variable: title | Файл: C:\OpenServer\domains\dstu.loc\app\controllers\MainController.php, | Строка: 31
==========================
[2020-06-18 22:17:49] Текст ошибки: compact(): Undefined variable: title | Файл: C:\OpenServer\domains\dstu.loc\app\controllers\MainController.php, | Строка: 31
==========================
[2020-07-31 23:53:23] Текст ошибки: Страница не найдена | Файл: /home/s/sanchozzz/new.sanchozzz.beget.tech/public_html/vendor/fw/core/Router.php, | Строка: 107
==========================
[2020-07-31 23:53:24] Текст ошибки: Страница не найдена | Файл: /home/s/sanchozzz/new.sanchozzz.beget.tech/public_html/vendor/fw/core/Router.php, | Строка: 107
==========================
[2020-08-01 11:59:16] Текст ошибки: Страница не найдена | Файл: /home/s/sanchozzz/new.sanchozzz.beget.tech/public_html/vendor/fw/core/Router.php, | Строка: 107
==========================
[2020-08-01 11:59:16] Текст ошибки: Страница не найдена | Файл: /home/s/sanchozzz/new.sanchozzz.beget.tech/public_html/vendor/fw/core/Router.php, | Строка: 107
==========================
[2020-08-01 11:59:16] Текст ошибки: Страница не найдена | Файл: /home/s/sanchozzz/new.sanchozzz.beget.tech/public_html/vendor/fw/core/Router.php, | Строка: 107
==========================
[2020-08-01 11:59:29] Текст ошибки: Страница не найдена | Файл: /home/s/sanchozzz/new.sanchozzz.beget.tech/public_html/vendor/fw/core/Router.php, | Строка: 107
==========================
[2020-08-01 11:59:29] Текст ошибки: Страница не найдена | Файл: /home/s/sanchozzz/new.sanchozzz.beget.tech/public_html/vendor/fw/core/Router.php, | Строка: 107
==========================
[2020-08-01 11:59:29] Текст ошибки: Страница не найдена | Файл: /home/s/sanchozzz/new.sanchozzz.beget.tech/public_html/vendor/fw/core/Router.php, | Строка: 107
==========================
[2020-08-01 11:59:46] Текст ошибки: Страница не найдена | Файл: /home/s/sanchozzz/new.sanchozzz.beget.tech/public_html/vendor/fw/core/Router.php, | Строка: 107
==========================
[2020-08-01 11:59:46] Текст ошибки: Страница не найдена | Файл: /home/s/sanchozzz/new.sanchozzz.beget.tech/public_html/vendor/fw/core/Router.php, | Строка: 107
==========================
[2020-08-01 11:59:46] Текст ошибки: Страница не найдена | Файл: /home/s/sanchozzz/new.sanchozzz.beget.tech/public_html/vendor/fw/core/Router.php, | Строка: 107
==========================
[2020-08-01 14:18:15] Текст ошибки: scandir(/home/s/sanchozzz/new.sanchozzz.beget.tech/public_html/public/_widgets): failed to open dir: No such file or directory | Файл: /home/s/sanchozzz/new.sanchozzz.beget.tech/public_html/app/views/inc/widgets/remain.php, | Строка: 10
==========================
[2020-08-01 14:18:15] Текст ошибки: scandir(): (errno 2): No such file or directory | Файл: /home/s/sanchozzz/new.sanchozzz.beget.tech/public_html/app/views/inc/widgets/remain.php, | Строка: 10
==========================
[2020-08-01 14:18:15] Текст ошибки: Invalid argument supplied for foreach() | Файл: /home/s/sanchozzz/new.sanchozzz.beget.tech/public_html/app/views/inc/widgets/remain.php, | Строка: 10
==========================
[2020-08-01 20:37:32] Текст ошибки: Метод <b>app\controllers\MainController::profileAction</b> не найден | Файл: /home/s/sanchozzz/new.sanchozzz.beget.tech/public_html/vendor/fw/core/Router.php, | Строка: 98
==========================
[2020-08-01 20:38:05] Текст ошибки: Метод <b>app\controllers\MainController::profileAction</b> не найден | Файл: /home/s/sanchozzz/new.sanchozzz.beget.tech/public_html/vendor/fw/core/Router.php, | Строка: 98
==========================
[2020-08-01 20:38:07] Текст ошибки: Метод <b>app\controllers\MainController::profileAction</b> не найден | Файл: /home/s/sanchozzz/new.sanchozzz.beget.tech/public_html/vendor/fw/core/Router.php, | Строка: 98
==========================
[2020-08-01 20:38:08] Текст ошибки: Метод <b>app\controllers\MainController::profileAction</b> не найден | Файл: /home/s/sanchozzz/new.sanchozzz.beget.tech/public_html/vendor/fw/core/Router.php, | Строка: 98
==========================
[2020-08-01 20:38:09] Текст ошибки: Метод <b>app\controllers\MainController::profileAction</b> не найден | Файл: /home/s/sanchozzz/new.sanchozzz.beget.tech/public_html/vendor/fw/core/Router.php, | Строка: 98
==========================
[2020-08-01 20:38:17] Текст ошибки: Метод <b>app\controllers\MainController::profileAction</b> не найден | Файл: /home/s/sanchozzz/new.sanchozzz.beget.tech/public_html/vendor/fw/core/Router.php, | Строка: 98
==========================
[2020-08-01 20:55:28] Текст ошибки: Undefined variable: route | Файл: /home/s/sanchozzz/new.sanchozzz.beget.tech/public_html/app/views/layouts/lte.php, | Строка: 139
==========================
[2020-08-01 20:55:28] Текст ошибки: Undefined variable: route | Файл: /home/s/sanchozzz/new.sanchozzz.beget.tech/public_html/app/views/layouts/lte.php, | Строка: 141
==========================
[2020-08-01 20:55:31] Текст ошибки: Undefined variable: route | Файл: /home/s/sanchozzz/new.sanchozzz.beget.tech/public_html/app/views/layouts/lte.php, | Строка: 139
==========================
[2020-08-01 20:55:31] Текст ошибки: Undefined variable: route | Файл: /home/s/sanchozzz/new.sanchozzz.beget.tech/public_html/app/views/layouts/lte.php, | Строка: 141
==========================
[2020-08-01 20:55:48] Текст ошибки: Undefined variable: route | Файл: /home/s/sanchozzz/new.sanchozzz.beget.tech/public_html/app/views/layouts/lte.php, | Строка: 139
==========================
[2020-08-01 20:55:48] Текст ошибки: Undefined variable: route | Файл: /home/s/sanchozzz/new.sanchozzz.beget.tech/public_html/app/views/layouts/lte.php, | Строка: 141
==========================
[2020-08-01 20:55:51] Текст ошибки: Undefined variable: route | Файл: /home/s/sanchozzz/new.sanchozzz.beget.tech/public_html/app/views/layouts/lte.php, | Строка: 139
==========================
[2020-08-01 20:55:51] Текст ошибки: Undefined variable: route | Файл: /home/s/sanchozzz/new.sanchozzz.beget.tech/public_html/app/views/layouts/lte.php, | Строка: 141
==========================
[2020-08-01 20:56:25] Текст ошибки: Undefined variable: route | Файл: /home/s/sanchozzz/new.sanchozzz.beget.tech/public_html/app/views/layouts/lte.php, | Строка: 142
==========================
[2020-08-01 20:56:25] Текст ошибки: Undefined variable: route | Файл: /home/s/sanchozzz/new.sanchozzz.beget.tech/public_html/app/views/layouts/lte.php, | Строка: 144
==========================
[2020-08-01 20:56:30] Текст ошибки: Call to undefined function dump() | Файл: /home/s/sanchozzz/new.sanchozzz.beget.tech/public_html/app/views/layouts/lte.php, | Строка: 135
==========================
[2020-08-01 20:56:33] Текст ошибки: Call to undefined function dump() | Файл: /home/s/sanchozzz/new.sanchozzz.beget.tech/public_html/app/views/layouts/lte.php, | Строка: 135
==========================
[2020-08-01 20:56:39] Текст ошибки: Undefined variable: route | Файл: /home/s/sanchozzz/new.sanchozzz.beget.tech/public_html/app/views/layouts/lte.php, | Строка: 142
==========================
[2020-08-01 20:56:47] Текст ошибки: Undefined variable: route | Файл: /home/s/sanchozzz/new.sanchozzz.beget.tech/public_html/app/views/layouts/lte.php, | Строка: 142
==========================
[2020-08-01 20:56:47] Текст ошибки: Undefined variable: route | Файл: /home/s/sanchozzz/new.sanchozzz.beget.tech/public_html/app/views/layouts/lte.php, | Строка: 144
==========================
[2020-08-01 20:56:50] Текст ошибки: Undefined variable: route | Файл: /home/s/sanchozzz/new.sanchozzz.beget.tech/public_html/app/views/layouts/lte.php, | Строка: 142
==========================
[2020-08-01 20:56:50] Текст ошибки: Undefined variable: route | Файл: /home/s/sanchozzz/new.sanchozzz.beget.tech/public_html/app/views/layouts/lte.php, | Строка: 144
==========================
[2020-08-01 20:56:52] Текст ошибки: Undefined variable: route | Файл: /home/s/sanchozzz/new.sanchozzz.beget.tech/public_html/app/views/layouts/lte.php, | Строка: 142
==========================
[2020-08-01 20:56:52] Текст ошибки: Undefined variable: route | Файл: /home/s/sanchozzz/new.sanchozzz.beget.tech/public_html/app/views/layouts/lte.php, | Строка: 144
==========================
[2020-08-01 20:56:53] Текст ошибки: Undefined variable: route | Файл: /home/s/sanchozzz/new.sanchozzz.beget.tech/public_html/app/views/layouts/lte.php, | Строка: 142
==========================
[2020-08-01 20:57:13] Текст ошибки: Undefined variable: route | Файл: /home/s/sanchozzz/new.sanchozzz.beget.tech/public_html/app/views/layouts/lte.php, | Строка: 140
==========================
[2020-08-01 20:57:23] Текст ошибки: Undefined variable: route | Файл: /home/s/sanchozzz/new.sanchozzz.beget.tech/public_html/app/views/layouts/lte.php, | Строка: 140
==========================
[2020-08-01 20:57:35] Текст ошибки: Undefined variable: route | Файл: /home/s/sanchozzz/new.sanchozzz.beget.tech/public_html/app/views/layouts/lte.php, | Строка: 140
==========================
[2020-08-01 20:57:47] Текст ошибки: Call to undefined function dump() | Файл: /home/s/sanchozzz/new.sanchozzz.beget.tech/public_html/app/views/layouts/lte.php, | Строка: 129
==========================
[2020-08-01 20:57:52] Текст ошибки: Undefined variable: route | Файл: /home/s/sanchozzz/new.sanchozzz.beget.tech/public_html/app/views/layouts/lte.php, | Строка: 140
==========================
[2020-08-01 20:57:52] Текст ошибки: Undefined variable: route | Файл: /home/s/sanchozzz/new.sanchozzz.beget.tech/public_html/app/views/layouts/lte.php, | Строка: 142
==========================
[2020-08-01 20:58:08] Текст ошибки: Undefined variable: route | Файл: /home/s/sanchozzz/new.sanchozzz.beget.tech/public_html/app/views/layouts/lte.php, | Строка: 140
==========================
[2020-08-01 20:58:08] Текст ошибки: Undefined variable: route | Файл: /home/s/sanchozzz/new.sanchozzz.beget.tech/public_html/app/views/layouts/lte.php, | Строка: 142
==========================
[2020-08-01 20:58:11] Текст ошибки: Undefined variable: route | Файл: /home/s/sanchozzz/new.sanchozzz.beget.tech/public_html/app/views/layouts/lte.php, | Строка: 140
==========================
[2020-08-01 20:58:11] Текст ошибки: Undefined variable: route | Файл: /home/s/sanchozzz/new.sanchozzz.beget.tech/public_html/app/views/layouts/lte.php, | Строка: 142
==========================
[2020-08-01 20:58:13] Текст ошибки: Undefined variable: route | Файл: /home/s/sanchozzz/new.sanchozzz.beget.tech/public_html/app/views/layouts/lte.php, | Строка: 140
==========================
[2020-08-01 20:58:13] Текст ошибки: Undefined variable: route | Файл: /home/s/sanchozzz/new.sanchozzz.beget.tech/public_html/app/views/layouts/lte.php, | Строка: 142
==========================
[2020-08-01 21:00:37] Текст ошибки: Undefined variable: route | Файл: /home/s/sanchozzz/new.sanchozzz.beget.tech/public_html/app/views/layouts/lte.php, | Строка: 140
==========================
[2020-08-01 21:00:37] Текст ошибки: Undefined variable: route | Файл: /home/s/sanchozzz/new.sanchozzz.beget.tech/public_html/app/views/layouts/lte.php, | Строка: 142
==========================
[2020-08-01 21:04:50] Текст ошибки: Undefined variable: route | Файл: /home/s/sanchozzz/new.sanchozzz.beget.tech/public_html/app/views/layouts/lte.php, | Строка: 140
==========================
[2020-08-01 21:04:50] Текст ошибки: Undefined variable: route | Файл: /home/s/sanchozzz/new.sanchozzz.beget.tech/public_html/app/views/layouts/lte.php, | Строка: 142
==========================
[2020-08-01 21:04:58] Текст ошибки: Undefined variable: route | Файл: /home/s/sanchozzz/new.sanchozzz.beget.tech/public_html/app/views/layouts/lte.php, | Строка: 140
==========================
[2020-08-01 21:04:58] Текст ошибки: Undefined variable: route | Файл: /home/s/sanchozzz/new.sanchozzz.beget.tech/public_html/app/views/layouts/lte.php, | Строка: 142
==========================
[2020-08-01 21:05:01] Текст ошибки: Undefined variable: route | Файл: /home/s/sanchozzz/new.sanchozzz.beget.tech/public_html/app/views/layouts/lte.php, | Строка: 140
==========================
[2020-08-01 21:05:01] Текст ошибки: Undefined variable: route | Файл: /home/s/sanchozzz/new.sanchozzz.beget.tech/public_html/app/views/layouts/lte.php, | Строка: 142
==========================
[2020-08-01 21:12:15] Текст ошибки: Undefined variable: route | Файл: /home/s/sanchozzz/new.sanchozzz.beget.tech/public_html/app/views/layouts/lte.php, | Строка: 140
==========================
[2020-08-01 21:12:15] Текст ошибки: Undefined variable: route | Файл: /home/s/sanchozzz/new.sanchozzz.beget.tech/public_html/app/views/layouts/lte.php, | Строка: 142
==========================
[2020-08-01 21:12:22] Текст ошибки: Undefined variable: route | Файл: /home/s/sanchozzz/new.sanchozzz.beget.tech/public_html/app/views/layouts/lte.php, | Строка: 140
==========================
[2020-08-01 21:12:22] Текст ошибки: Undefined variable: route | Файл: /home/s/sanchozzz/new.sanchozzz.beget.tech/public_html/app/views/layouts/lte.php, | Строка: 142
==========================
[2020-08-01 21:12:23] Текст ошибки: Undefined variable: route | Файл: /home/s/sanchozzz/new.sanchozzz.beget.tech/public_html/app/views/layouts/lte.php, | Строка: 140
==========================
[2020-08-01 21:12:23] Текст ошибки: Undefined variable: route | Файл: /home/s/sanchozzz/new.sanchozzz.beget.tech/public_html/app/views/layouts/lte.php, | Строка: 142
==========================
[2020-08-01 21:12:24] Текст ошибки: Undefined variable: route | Файл: /home/s/sanchozzz/new.sanchozzz.beget.tech/public_html/app/views/layouts/lte.php, | Строка: 140
==========================
[2020-08-01 21:12:24] Текст ошибки: Undefined variable: route | Файл: /home/s/sanchozzz/new.sanchozzz.beget.tech/public_html/app/views/layouts/lte.php, | Строка: 142
==========================
[2020-08-01 21:29:18] Текст ошибки: Undefined variable: route | Файл: /home/s/sanchozzz/new.sanchozzz.beget.tech/public_html/app/views/layouts/lte.php, | Строка: 140
==========================
[2020-08-01 21:29:18] Текст ошибки: Undefined variable: route | Файл: /home/s/sanchozzz/new.sanchozzz.beget.tech/public_html/app/views/layouts/lte.php, | Строка: 142
==========================
[2020-08-01 21:29:23] Текст ошибки: Undefined variable: route | Файл: /home/s/sanchozzz/new.sanchozzz.beget.tech/public_html/app/views/layouts/lte.php, | Строка: 140
==========================
[2020-08-01 21:29:56] Текст ошибки: Undefined variable: route | Файл: /home/s/sanchozzz/new.sanchozzz.beget.tech/public_html/app/controllers/MainController.php, | Строка: 30
==========================
[2020-08-01 21:43:32] Текст ошибки: Страница не найдена | Файл: /home/s/sanchozzz/new.sanchozzz.beget.tech/public_html/vendor/fw/core/Router.php, | Строка: 107
==========================
[2020-08-01 21:54:59] Текст ошибки: Страница не найдена | Файл: /home/s/sanchozzz/new.sanchozzz.beget.tech/public_html/vendor/fw/core/Router.php, | Строка: 107
==========================
[2020-08-01 22:06:20] Текст ошибки: Страница не найдена | Файл: /home/s/sanchozzz/new.sanchozzz.beget.tech/public_html/vendor/fw/core/Router.php, | Строка: 107
==========================
[2020-08-01 22:06:34] Текст ошибки: Страница не найдена | Файл: /home/s/sanchozzz/new.sanchozzz.beget.tech/public_html/vendor/fw/core/Router.php, | Строка: 107
==========================
[2020-08-01 22:06:35] Текст ошибки: Страница не найдена | Файл: /home/s/sanchozzz/new.sanchozzz.beget.tech/public_html/vendor/fw/core/Router.php, | Строка: 107
==========================
[2020-08-01 22:06:38] Текст ошибки: Страница не найдена | Файл: /home/s/sanchozzz/new.sanchozzz.beget.tech/public_html/vendor/fw/core/Router.php, | Строка: 107
==========================
[2020-08-01 22:07:09] Текст ошибки: Страница не найдена | Файл: /home/s/sanchozzz/new.sanchozzz.beget.tech/public_html/vendor/fw/core/Router.php, | Строка: 107
==========================
[2020-08-01 22:07:10] Текст ошибки: Страница не найдена | Файл: /home/s/sanchozzz/new.sanchozzz.beget.tech/public_html/vendor/fw/core/Router.php, | Строка: 107
==========================
[2020-08-01 23:15:34] Текст ошибки: Страница не найдена | Файл: /home/s/sanchozzz/new.sanchozzz.beget.tech/public_html/vendor/fw/core/Router.php, | Строка: 107
==========================
[2020-08-01 23:15:34] Текст ошибки: Страница не найдена | Файл: /home/s/sanchozzz/new.sanchozzz.beget.tech/public_html/vendor/fw/core/Router.php, | Строка: 107
==========================
[2020-08-01 23:15:55] Текст ошибки: Страница не найдена | Файл: /home/s/sanchozzz/new.sanchozzz.beget.tech/public_html/vendor/fw/core/Router.php, | Строка: 107
==========================
[2020-08-01 23:15:55] Текст ошибки: Страница не найдена | Файл: /home/s/sanchozzz/new.sanchozzz.beget.tech/public_html/vendor/fw/core/Router.php, | Строка: 107
==========================
[2020-08-01 23:16:18] Текст ошибки: Страница не найдена | Файл: /home/s/sanchozzz/new.sanchozzz.beget.tech/public_html/vendor/fw/core/Router.php, | Строка: 107
==========================
[2020-08-01 23:16:18] Текст ошибки: Страница не найдена | Файл: /home/s/sanchozzz/new.sanchozzz.beget.tech/public_html/vendor/fw/core/Router.php, | Строка: 107
==========================
[2020-08-01 23:16:28] Текст ошибки: Страница не найдена | Файл: /home/s/sanchozzz/new.sanchozzz.beget.tech/public_html/vendor/fw/core/Router.php, | Строка: 107
==========================
[2020-08-01 23:16:28] Текст ошибки: Страница не найдена | Файл: /home/s/sanchozzz/new.sanchozzz.beget.tech/public_html/vendor/fw/core/Router.php, | Строка: 107
==========================
[2020-08-01 23:16:37] Текст ошибки: Страница не найдена | Файл: /home/s/sanchozzz/new.sanchozzz.beget.tech/public_html/vendor/fw/core/Router.php, | Строка: 107
==========================
[2020-08-01 23:16:42] Текст ошибки: Страница не найдена | Файл: /home/s/sanchozzz/new.sanchozzz.beget.tech/public_html/vendor/fw/core/Router.php, | Строка: 107
==========================
[2020-08-01 23:16:48] Текст ошибки: Страница не найдена | Файл: /home/s/sanchozzz/new.sanchozzz.beget.tech/public_html/vendor/fw/core/Router.php, | Строка: 107
==========================
[2020-08-01 23:16:58] Текст ошибки: Страница не найдена | Файл: /home/s/sanchozzz/new.sanchozzz.beget.tech/public_html/vendor/fw/core/Router.php, | Строка: 107
==========================
[2020-08-01 23:17:03] Текст ошибки: Страница не найдена | Файл: /home/s/sanchozzz/new.sanchozzz.beget.tech/public_html/vendor/fw/core/Router.php, | Строка: 107
==========================
[2020-08-01 23:17:04] Текст ошибки: Страница не найдена | Файл: /home/s/sanchozzz/new.sanchozzz.beget.tech/public_html/vendor/fw/core/Router.php, | Строка: 107
==========================
[2020-08-01 23:17:05] Текст ошибки: Страница не найдена | Файл: /home/s/sanchozzz/new.sanchozzz.beget.tech/public_html/vendor/fw/core/Router.php, | Строка: 107
==========================
[2020-08-01 23:17:06] Текст ошибки: Страница не найдена | Файл: /home/s/sanchozzz/new.sanchozzz.beget.tech/public_html/vendor/fw/core/Router.php, | Строка: 107
==========================
[2020-08-01 23:17:06] Текст ошибки: Страница не найдена | Файл: /home/s/sanchozzz/new.sanchozzz.beget.tech/public_html/vendor/fw/core/Router.php, | Строка: 107
==========================
[2020-08-01 23:17:06] Текст ошибки: Страница не найдена | Файл: /home/s/sanchozzz/new.sanchozzz.beget.tech/public_html/vendor/fw/core/Router.php, | Строка: 107
==========================
[2020-08-01 23:17:06] Текст ошибки: Страница не найдена | Файл: /home/s/sanchozzz/new.sanchozzz.beget.tech/public_html/vendor/fw/core/Router.php, | Строка: 107
==========================
[2020-08-01 23:17:07] Текст ошибки: Страница не найдена | Файл: /home/s/sanchozzz/new.sanchozzz.beget.tech/public_html/vendor/fw/core/Router.php, | Строка: 107
==========================
[2020-08-01 23:17:07] Текст ошибки: Страница не найдена | Файл: /home/s/sanchozzz/new.sanchozzz.beget.tech/public_html/vendor/fw/core/Router.php, | Строка: 107
==========================
[2020-08-01 23:17:07] Текст ошибки: Страница не найдена | Файл: /home/s/sanchozzz/new.sanchozzz.beget.tech/public_html/vendor/fw/core/Router.php, | Строка: 107
==========================
[2020-08-01 23:17:07] Текст ошибки: Страница не найдена | Файл: /home/s/sanchozzz/new.sanchozzz.beget.tech/public_html/vendor/fw/core/Router.php, | Строка: 107
==========================
[2020-08-01 23:17:07] Текст ошибки: Страница не найдена | Файл: /home/s/sanchozzz/new.sanchozzz.beget.tech/public_html/vendor/fw/core/Router.php, | Строка: 107
==========================
[2020-08-01 23:17:07] Текст ошибки: Страница не найдена | Файл: /home/s/sanchozzz/new.sanchozzz.beget.tech/public_html/vendor/fw/core/Router.php, | Строка: 107
==========================
[2020-08-01 23:17:07] Текст ошибки: Страница не найдена | Файл: /home/s/sanchozzz/new.sanchozzz.beget.tech/public_html/vendor/fw/core/Router.php, | Строка: 107
==========================
[2020-08-01 23:17:07] Текст ошибки: Страница не найдена | Файл: /home/s/sanchozzz/new.sanchozzz.beget.tech/public_html/vendor/fw/core/Router.php, | Строка: 107
==========================
[2020-08-01 23:17:07] Текст ошибки: Страница не найдена | Файл: /home/s/sanchozzz/new.sanchozzz.beget.tech/public_html/vendor/fw/core/Router.php, | Строка: 107
==========================
[2020-08-01 23:17:08] Текст ошибки: Страница не найдена | Файл: /home/s/sanchozzz/new.sanchozzz.beget.tech/public_html/vendor/fw/core/Router.php, | Строка: 107
==========================
[2020-08-01 23:17:08] Текст ошибки: Страница не найдена | Файл: /home/s/sanchozzz/new.sanchozzz.beget.tech/public_html/vendor/fw/core/Router.php, | Строка: 107
==========================
[2020-08-01 23:17:09] Текст ошибки: Страница не найдена | Файл: /home/s/sanchozzz/new.sanchozzz.beget.tech/public_html/vendor/fw/core/Router.php, | Строка: 107
==========================
[2020-08-01 23:17:09] Текст ошибки: Страница не найдена | Файл: /home/s/sanchozzz/new.sanchozzz.beget.tech/public_html/vendor/fw/core/Router.php, | Строка: 107
==========================
[2020-08-01 23:17:09] Текст ошибки: Страница не найдена | Файл: /home/s/sanchozzz/new.sanchozzz.beget.tech/public_html/vendor/fw/core/Router.php, | Строка: 107
==========================
[2020-08-01 23:17:09] Текст ошибки: Страница не найдена | Файл: /home/s/sanchozzz/new.sanchozzz.beget.tech/public_html/vendor/fw/core/Router.php, | Строка: 107
==========================
[2020-08-01 23:17:09] Текст ошибки: Страница не найдена | Файл: /home/s/sanchozzz/new.sanchozzz.beget.tech/public_html/vendor/fw/core/Router.php, | Строка: 107
==========================
[2020-08-01 23:17:10] Текст ошибки: Страница не найдена | Файл: /home/s/sanchozzz/new.sanchozzz.beget.tech/public_html/vendor/fw/core/Router.php, | Строка: 107
==========================
[2020-08-01 23:17:11] Текст ошибки: Страница не найдена | Файл: /home/s/sanchozzz/new.sanchozzz.beget.tech/public_html/vendor/fw/core/Router.php, | Строка: 107
==========================
[2020-08-01 23:17:11] Текст ошибки: Страница не найдена | Файл: /home/s/sanchozzz/new.sanchozzz.beget.tech/public_html/vendor/fw/core/Router.php, | Строка: 107
==========================
[2020-08-02 00:32:28] Текст ошибки: Страница не найдена | Файл: /home/s/sanchozzz/new.sanchozzz.beget.tech/public_html/vendor/fw/core/Router.php, | Строка: 107
==========================
[2020-08-02 00:32:28] Текст ошибки: Метод <b>app\controllers\MainController::docsnextAction</b> не найден | Файл: /home/s/sanchozzz/new.sanchozzz.beget.tech/public_html/vendor/fw/core/Router.php, | Строка: 98
==========================
[2020-08-02 00:32:43] Текст ошибки: Метод <b>app\controllers\MainController::docsnextAction</b> не найден | Файл: /home/s/sanchozzz/new.sanchozzz.beget.tech/public_html/vendor/fw/core/Router.php, | Строка: 98
==========================
[2020-08-02 00:32:44] Текст ошибки: Метод <b>app\controllers\MainController::docsnextAction</b> не найден | Файл: /home/s/sanchozzz/new.sanchozzz.beget.tech/public_html/vendor/fw/core/Router.php, | Строка: 98
==========================
[2020-08-02 00:36:55] Текст ошибки: Страница не найдена | Файл: /home/s/sanchozzz/new.sanchozzz.beget.tech/public_html/vendor/fw/core/Router.php, | Строка: 107
==========================
[2020-08-02 00:36:56] Текст ошибки: Страница не найдена | Файл: /home/s/sanchozzz/new.sanchozzz.beget.tech/public_html/vendor/fw/core/Router.php, | Строка: 107
==========================
[2020-08-02 00:36:56] Текст ошибки: Метод <b>app\controllers\MainController::docsnextAction</b> не найден | Файл: /home/s/sanchozzz/new.sanchozzz.beget.tech/public_html/vendor/fw/core/Router.php, | Строка: 98
==========================
[2020-08-02 00:37:49] Текст ошибки: Страница не найдена | Файл: /home/s/sanchozzz/new.sanchozzz.beget.tech/public_html/vendor/fw/core/Router.php, | Строка: 107
==========================
[2020-08-02 00:37:50] Текст ошибки: Страница не найдена | Файл: /home/s/sanchozzz/new.sanchozzz.beget.tech/public_html/vendor/fw/core/Router.php, | Строка: 107
==========================
[2020-08-02 00:37:50] Текст ошибки: Метод <b>app\controllers\MainController::docsnextAction</b> не найден | Файл: /home/s/sanchozzz/new.sanchozzz.beget.tech/public_html/vendor/fw/core/Router.php, | Строка: 98
==========================
[2020-08-02 00:38:38] Текст ошибки: Контроллер <b>app\controllers\ProfileController</b> не найден | Файл: /home/s/sanchozzz/new.sanchozzz.beget.tech/public_html/vendor/fw/core/Router.php, | Строка: 102
==========================
[2020-08-02 00:38:39] Текст ошибки: Контроллер <b>app\controllers\ProfileController</b> не найден | Файл: /home/s/sanchozzz/new.sanchozzz.beget.tech/public_html/vendor/fw/core/Router.php, | Строка: 102
==========================
[2020-08-02 00:38:45] Текст ошибки: Страница не найдена | Файл: /home/s/sanchozzz/new.sanchozzz.beget.tech/public_html/vendor/fw/core/Router.php, | Строка: 107
==========================
[2020-08-02 00:38:45] Текст ошибки: Метод <b>app\controllers\MainController::docsnextAction</b> не найден | Файл: /home/s/sanchozzz/new.sanchozzz.beget.tech/public_html/vendor/fw/core/Router.php, | Строка: 98
==========================
[2020-08-02 00:38:50] Текст ошибки: Страница не найдена | Файл: /home/s/sanchozzz/new.sanchozzz.beget.tech/public_html/vendor/fw/core/Router.php, | Строка: 107
==========================
[2020-08-02 00:38:50] Текст ошибки: Страница не найдена | Файл: /home/s/sanchozzz/new.sanchozzz.beget.tech/public_html/vendor/fw/core/Router.php, | Строка: 107
==========================
[2020-08-02 00:38:51] Текст ошибки: Метод <b>app\controllers\MainController::docsnextAction</b> не найден | Файл: /home/s/sanchozzz/new.sanchozzz.beget.tech/public_html/vendor/fw/core/Router.php, | Строка: 98
==========================
[2020-08-02 00:39:09] Текст ошибки: Контроллер <b>app\controllers\ProfileController</b> не найден | Файл: /home/s/sanchozzz/new.sanchozzz.beget.tech/public_html/vendor/fw/core/Router.php, | Строка: 102
==========================
[2020-08-02 00:39:13] Текст ошибки: Страница не найдена | Файл: /home/s/sanchozzz/new.sanchozzz.beget.tech/public_html/vendor/fw/core/Router.php, | Строка: 107
==========================
[2020-08-02 00:39:14] Текст ошибки: Метод <b>app\controllers\MainController::docsnextAction</b> не найден | Файл: /home/s/sanchozzz/new.sanchozzz.beget.tech/public_html/vendor/fw/core/Router.php, | Строка: 98
==========================
[2020-08-02 00:39:19] Текст ошибки: Метод <b>app\controllers\MainController::page1Action</b> не найден | Файл: /home/s/sanchozzz/new.sanchozzz.beget.tech/public_html/vendor/fw/core/Router.php, | Строка: 98
==========================
[2020-08-02 00:39:49] Текст ошибки: Страница не найдена | Файл: /home/s/sanchozzz/new.sanchozzz.beget.tech/public_html/vendor/fw/core/Router.php, | Строка: 107
==========================
[2020-08-02 00:39:49] Текст ошибки: Страница не найдена | Файл: /home/s/sanchozzz/new.sanchozzz.beget.tech/public_html/vendor/fw/core/Router.php, | Строка: 107
==========================
[2020-08-02 00:39:50] Текст ошибки: Метод <b>app\controllers\MainController::docsnextAction</b> не найден | Файл: /home/s/sanchozzz/new.sanchozzz.beget.tech/public_html/vendor/fw/core/Router.php, | Строка: 98
==========================
[2020-08-02 00:41:27] Текст ошибки: Страница не найдена | Файл: /home/s/sanchozzz/new.sanchozzz.beget.tech/public_html/vendor/fw/core/Router.php, | Строка: 107
==========================
[2020-08-02 00:41:28] Текст ошибки: Страница не найдена | Файл: /home/s/sanchozzz/new.sanchozzz.beget.tech/public_html/vendor/fw/core/Router.php, | Строка: 107
==========================
[2020-08-02 00:41:28] Текст ошибки: <p>Не найден вид <b>/home/s/sanchozzz/new.sanchozzz.beget.tech/public_html/app/views/Main/docsnext.php</b></p> | Файл: /home/s/sanchozzz/new.sanchozzz.beget.tech/public_html/vendor/fw/core/base/View.php, | Строка: 75
==========================
[2020-08-02 00:41:28] Текст ошибки: Контроллер <b>app\controllers\DocsnextController</b> не найден | Файл: /home/s/sanchozzz/new.sanchozzz.beget.tech/public_html/vendor/fw/core/Router.php, | Строка: 102
==========================
[2020-08-02 00:41:59] Текст ошибки: Контроллер <b>app\controllers\ProfileController</b> не найден | Файл: /home/s/sanchozzz/new.sanchozzz.beget.tech/public_html/vendor/fw/core/Router.php, | Строка: 102
==========================
[2020-08-02 00:42:00] Текст ошибки: Контроллер <b>app\controllers\ProfileController</b> не найден | Файл: /home/s/sanchozzz/new.sanchozzz.beget.tech/public_html/vendor/fw/core/Router.php, | Строка: 102
==========================
[2020-08-02 00:42:05] Текст ошибки: Контроллер <b>app\controllers\ProfileController</b> не найден | Файл: /home/s/sanchozzz/new.sanchozzz.beget.tech/public_html/vendor/fw/core/Router.php, | Строка: 102
==========================
[2020-08-02 00:42:14] Текст ошибки: Страница не найдена | Файл: /home/s/sanchozzz/new.sanchozzz.beget.tech/public_html/vendor/fw/core/Router.php, | Строка: 107
==========================
[2020-08-02 00:42:14] Текст ошибки: Страница не найдена | Файл: /home/s/sanchozzz/new.sanchozzz.beget.tech/public_html/vendor/fw/core/Router.php, | Строка: 107
==========================
[2020-08-02 00:42:14] Текст ошибки: <p>Не найден вид <b>/home/s/sanchozzz/new.sanchozzz.beget.tech/public_html/app/views/Main/docsnext.php</b></p> | Файл: /home/s/sanchozzz/new.sanchozzz.beget.tech/public_html/vendor/fw/core/base/View.php, | Строка: 75
==========================
[2020-08-02 00:42:14] Текст ошибки: Контроллер <b>app\controllers\DocsnextController</b> не найден | Файл: /home/s/sanchozzz/new.sanchozzz.beget.tech/public_html/vendor/fw/core/Router.php, | Строка: 102
==========================
[2020-08-02 00:42:49] Текст ошибки: Страница не найдена | Файл: /home/s/sanchozzz/new.sanchozzz.beget.tech/public_html/vendor/fw/core/Router.php, | Строка: 107
==========================
[2020-08-02 00:42:50] Текст ошибки: <p>Не найден вид <b>/home/s/sanchozzz/new.sanchozzz.beget.tech/public_html/app/views/Main/docsnext.php</b></p> | Файл: /home/s/sanchozzz/new.sanchozzz.beget.tech/public_html/vendor/fw/core/base/View.php, | Строка: 75
==========================
[2020-08-02 00:42:51] Текст ошибки: Контроллер <b>app\controllers\DocsnextController</b> не найден | Файл: /home/s/sanchozzz/new.sanchozzz.beget.tech/public_html/vendor/fw/core/Router.php, | Строка: 102
==========================
[2020-08-02 00:42:59] Текст ошибки: Контроллер <b>app\controllers\DocsnextController</b> не найден | Файл: /home/s/sanchozzz/new.sanchozzz.beget.tech/public_html/vendor/fw/core/Router.php, | Строка: 102
==========================
[2020-08-02 00:43:18] Текст ошибки: Страница не найдена | Файл: /home/s/sanchozzz/new.sanchozzz.beget.tech/public_html/vendor/fw/core/Router.php, | Строка: 107
==========================
[2020-08-02 00:43:18] Текст ошибки: <p>Не найден вид <b>/home/s/sanchozzz/new.sanchozzz.beget.tech/public_html/app/views/Main/docsnext.php</b></p> | Файл: /home/s/sanchozzz/new.sanchozzz.beget.tech/public_html/vendor/fw/core/base/View.php, | Строка: 75
==========================
[2020-08-02 00:43:19] Текст ошибки: Контроллер <b>app\controllers\DocsnextController</b> не найден | Файл: /home/s/sanchozzz/new.sanchozzz.beget.tech/public_html/vendor/fw/core/Router.php, | Строка: 102
==========================
[2020-08-02 00:43:22] Текст ошибки: Контроллер <b>app\controllers\DocsnextController</b> не найден | Файл: /home/s/sanchozzz/new.sanchozzz.beget.tech/public_html/vendor/fw/core/Router.php, | Строка: 102
==========================
[2020-08-02 00:44:24] Текст ошибки: Страница не найдена | Файл: /home/s/sanchozzz/new.sanchozzz.beget.tech/public_html/vendor/fw/core/Router.php, | Строка: 107
==========================
[2020-08-02 00:44:24] Текст ошибки: Контроллер <b>app\controllers\DocsnextController</b> не найден | Файл: /home/s/sanchozzz/new.sanchozzz.beget.tech/public_html/vendor/fw/core/Router.php, | Строка: 102
==========================
[2020-08-02 00:44:24] Текст ошибки: Контроллер <b>app\controllers\DocsnextController</b> не найден | Файл: /home/s/sanchozzz/new.sanchozzz.beget.tech/public_html/vendor/fw/core/Router.php, | Строка: 102
==========================
[2020-08-02 00:44:29] Текст ошибки: Страница не найдена | Файл: /home/s/sanchozzz/new.sanchozzz.beget.tech/public_html/vendor/fw/core/Router.php, | Строка: 107
==========================
[2020-08-02 00:44:30] Текст ошибки: Страница не найдена | Файл: /home/s/sanchozzz/new.sanchozzz.beget.tech/public_html/vendor/fw/core/Router.php, | Строка: 107
==========================
[2020-08-02 00:44:30] Текст ошибки: Контроллер <b>app\controllers\DocsnextController</b> не найден | Файл: /home/s/sanchozzz/new.sanchozzz.beget.tech/public_html/vendor/fw/core/Router.php, | Строка: 102
==========================
[2020-08-02 00:44:30] Текст ошибки: Контроллер <b>app\controllers\DocsnextController</b> не найден | Файл: /home/s/sanchozzz/new.sanchozzz.beget.tech/public_html/vendor/fw/core/Router.php, | Строка: 102
==========================
[2020-08-02 00:44:40] Текст ошибки: Страница не найдена | Файл: /home/s/sanchozzz/new.sanchozzz.beget.tech/public_html/vendor/fw/core/Router.php, | Строка: 107
==========================
[2020-08-02 00:44:40] Текст ошибки: Страница не найдена | Файл: /home/s/sanchozzz/new.sanchozzz.beget.tech/public_html/vendor/fw/core/Router.php, | Строка: 107
==========================
[2020-08-02 00:44:41] Текст ошибки: Контроллер <b>app\controllers\DocsnextController</b> не найден | Файл: /home/s/sanchozzz/new.sanchozzz.beget.tech/public_html/vendor/fw/core/Router.php, | Строка: 102
==========================
[2020-08-02 00:44:41] Текст ошибки: Контроллер <b>app\controllers\DocsnextController</b> не найден | Файл: /home/s/sanchozzz/new.sanchozzz.beget.tech/public_html/vendor/fw/core/Router.php, | Строка: 102
==========================
[2020-08-02 00:44:42] Текст ошибки: Страница не найдена | Файл: /home/s/sanchozzz/new.sanchozzz.beget.tech/public_html/vendor/fw/core/Router.php, | Строка: 107
==========================
[2020-08-02 00:44:43] Текст ошибки: Страница не найдена | Файл: /home/s/sanchozzz/new.sanchozzz.beget.tech/public_html/vendor/fw/core/Router.php, | Строка: 107
==========================
[2020-08-02 00:44:44] Текст ошибки: Контроллер <b>app\controllers\DocsnextController</b> не найден | Файл: /home/s/sanchozzz/new.sanchozzz.beget.tech/public_html/vendor/fw/core/Router.php, | Строка: 102
==========================
[2020-08-02 00:44:44] Текст ошибки: Контроллер <b>app\controllers\DocsnextController</b> не найден | Файл: /home/s/sanchozzz/new.sanchozzz.beget.tech/public_html/vendor/fw/core/Router.php, | Строка: 102
==========================
[2020-08-02 00:53:46] Текст ошибки: Страница не найдена | Файл: /home/s/sanchozzz/new.sanchozzz.beget.tech/public_html/vendor/fw/core/Router.php, | Строка: 107
==========================
[2020-08-02 00:53:46] Текст ошибки: Страница не найдена | Файл: /home/s/sanchozzz/new.sanchozzz.beget.tech/public_html/vendor/fw/core/Router.php, | Строка: 107
==========================
[2020-08-02 00:53:46] Текст ошибки: Контроллер <b>app\controllers\DocsnextController</b> не найден | Файл: /home/s/sanchozzz/new.sanchozzz.beget.tech/public_html/vendor/fw/core/Router.php, | Строка: 102
==========================
[2020-08-02 00:53:47] Текст ошибки: Контроллер <b>app\controllers\DocsnextController</b> не найден | Файл: /home/s/sanchozzz/new.sanchozzz.beget.tech/public_html/vendor/fw/core/Router.php, | Строка: 102
==========================
[2020-08-02 00:58:14] Текст ошибки: Страница не найдена | Файл: /home/s/sanchozzz/new.sanchozzz.beget.tech/public_html/vendor/fw/core/Router.php, | Строка: 107
==========================
[2020-08-02 00:58:15] Текст ошибки: Контроллер <b>app\controllers\DocsnextController</b> не найден | Файл: /home/s/sanchozzz/new.sanchozzz.beget.tech/public_html/vendor/fw/core/Router.php, | Строка: 102
==========================
[2020-08-02 00:58:15] Текст ошибки: Контроллер <b>app\controllers\DocsnextController</b> не найден | Файл: /home/s/sanchozzz/new.sanchozzz.beget.tech/public_html/vendor/fw/core/Router.php, | Строка: 102
==========================
[2020-08-02 01:06:00] Текст ошибки: Страница не найдена | Файл: /home/s/sanchozzz/new.sanchozzz.beget.tech/public_html/vendor/fw/core/Router.php, | Строка: 107
==========================
[2020-08-02 01:06:00] Текст ошибки: Страница не найдена | Файл: /home/s/sanchozzz/new.sanchozzz.beget.tech/public_html/vendor/fw/core/Router.php, | Строка: 107
==========================
[2020-08-02 01:06:00] Текст ошибки: Страница не найдена | Файл: /home/s/sanchozzz/new.sanchozzz.beget.tech/public_html/vendor/fw/core/Router.php, | Строка: 107
==========================
[2020-08-02 01:06:00] Текст ошибки: Страница не найдена | Файл: /home/s/sanchozzz/new.sanchozzz.beget.tech/public_html/vendor/fw/core/Router.php, | Строка: 107
==========================
[2020-08-02 01:06:00] Текст ошибки: Страница не найдена | Файл: /home/s/sanchozzz/new.sanchozzz.beget.tech/public_html/vendor/fw/core/Router.php, | Строка: 107
==========================
[2020-08-02 01:06:00] Текст ошибки: Страница не найдена | Файл: /home/s/sanchozzz/new.sanchozzz.beget.tech/public_html/vendor/fw/core/Router.php, | Строка: 107
==========================
[2020-08-02 01:06:01] Текст ошибки: Страница не найдена | Файл: /home/s/sanchozzz/new.sanchozzz.beget.tech/public_html/vendor/fw/core/Router.php, | Строка: 107
==========================
[2020-08-02 01:06:01] Текст ошибки: Страница не найдена | Файл: /home/s/sanchozzz/new.sanchozzz.beget.tech/public_html/vendor/fw/core/Router.php, | Строка: 107
==========================
[2020-08-02 01:06:01] Текст ошибки: Страница не найдена | Файл: /home/s/sanchozzz/new.sanchozzz.beget.tech/public_html/vendor/fw/core/Router.php, | Строка: 107
==========================
[2020-08-02 01:07:16] Текст ошибки: Страница не найдена | Файл: /home/s/sanchozzz/new.sanchozzz.beget.tech/public_html/vendor/fw/core/Router.php, | Строка: 107
==========================
[2020-08-02 01:46:06] Текст ошибки: scandir(/home/s/sanchozzz/new.sanchozzz.beget.tech/public_html/dist): failed to open dir: No such file or directory | Файл: /home/s/sanchozzz/new.sanchozzz.beget.tech/public_html/app/views/layouts/lte.php, | Строка: 280
==========================
[2020-08-02 01:46:06] Текст ошибки: scandir(): (errno 2): No such file or directory | Файл: /home/s/sanchozzz/new.sanchozzz.beget.tech/public_html/app/views/layouts/lte.php, | Строка: 280
==========================
[2020-08-02 01:46:06] Текст ошибки: Invalid argument supplied for foreach() | Файл: /home/s/sanchozzz/new.sanchozzz.beget.tech/public_html/app/views/layouts/lte.php, | Строка: 282
==========================
[2020-08-02 03:19:58] Текст ошибки: Undefined variable: f | Файл: /home/s/sanchozzz/new.sanchozzz.beget.tech/public_html/app/views/inc/widgets/acc1.php, | Строка: 1
==========================
[2020-08-02 03:19:58] Текст ошибки: Undefined variable: f | Файл: /home/s/sanchozzz/new.sanchozzz.beget.tech/public_html/app/views/inc/widgets/acc1.php, | Строка: 4
==========================
[2020-08-02 03:19:58] Текст ошибки: Undefined variable: f | Файл: /home/s/sanchozzz/new.sanchozzz.beget.tech/public_html/app/views/inc/widgets/acc1.php, | Строка: 8
==========================
[2020-08-02 03:19:58] Текст ошибки: Undefined variable: f | Файл: /home/s/sanchozzz/new.sanchozzz.beget.tech/public_html/app/views/inc/widgets/acc1.php, | Строка: 8
==========================
[2020-08-02 03:19:58] Текст ошибки: Undefined variable: f | Файл: /home/s/sanchozzz/new.sanchozzz.beget.tech/public_html/app/views/inc/widgets/acc1.php, | Строка: 109
==========================
[2020-08-02 03:19:58] Текст ошибки: Undefined variable: f | Файл: /home/s/sanchozzz/new.sanchozzz.beget.tech/public_html/app/views/inc/widgets/acc1.php, | Строка: 113
==========================
[2020-08-02 03:19:58] Текст ошибки: Undefined variable: f | Файл: /home/s/sanchozzz/new.sanchozzz.beget.tech/public_html/app/views/inc/widgets/acc1.php, | Строка: 113
==========================
